[01-24-2026 14:15:48] [DEBUG] [MAIN]: Starting execution for '../test/testfiles/t11_big.txt' using 1 cores.
[01-24-2026 14:15:48] [DEBUG] [READER]: Reader with PID 90454 has been created to stream file '../test/testfiles/t11_big.txt'!
[01-24-2026 14:15:48] [DEBUG] [COUNTER-MANAGER]: Counter-Manager with PID 90456 has been created to manage 1 counter processes!
[01-24-2026 14:15:48] [DEBUG] [COUNTER-MANAGER]: Counter-Manager with PID 90456 has successfully created 1 counter processes!
[01-24-2026 14:15:48] [DEBUG] [COUNTER]: Counter process with PID 90457 has started counting words from the pipe!
[01-24-2026 14:15:48] [DEBUG] [READER]: Reader with PID 90454 has finished streaming file '../test/testfiles/t11_big.txt'!
[01-24-2026 14:15:48] [DEBUG] [COUNTER-MANAGER]: Counter-Manager with PID 90456 has finished sending data to all counter processes!
[01-24-2026 14:15:48] [DEBUG] [COUNTER-MANAGER]: Counter-Manager with PID 90456 received word count of 1095695 from counter process with PID 90457!
[01-24-2026 14:15:48] [DEBUG] [COUNTER]: Counter process with PID 90457 has finished counting words! Total word count: 1095695
[01-24-2026 14:15:48] [DEBUG] [READER]: Reader with PID 90454 received final word count of 1095695 for file '../test/testfiles/t11_big.txt'!
[01-24-2026 14:15:48] [INFO] [MAIN]: The total word count from file '../test/testfiles/t11_big.txt' is: 1095695
[01-24-2026 14:15:48] [DEBUG] [COUNTER-MANAGER]: Counter-Manager with PID 90456 has a final total word count of 1095695!
[01-24-2026 14:22:15] [DEBUG] [MAIN]: Starting execution for '../test/testfiles/t11_big.txt' using 1 cores.
[01-24-2026 14:22:15] [DEBUG] [READER]: Reader with PID 92363 has been created to stream file '../test/testfiles/t11_big.txt'!
[01-24-2026 14:22:15] [DEBUG] [COUNTER-MANAGER]: Counter-Manager with PID 92364 has been created to manage 1 counter processes!
[01-24-2026 14:22:15] [DEBUG] [COUNTER-MANAGER]: Counter-Manager with PID 92364 has successfully created 1 counter processes!
[01-24-2026 14:22:15] [DEBUG] [COUNTER]: Counter process with PID 92365 has started counting words from the pipe!
[01-24-2026 14:22:15] [DEBUG] [READER]: Reader with PID 92363 has finished streaming file '../test/testfiles/t11_big.txt'!
[01-24-2026 14:22:15] [DEBUG] [COUNTER-MANAGER]: Counter-Manager with PID 92364 has finished sending data to all counter processes!
[01-24-2026 14:22:15] [DEBUG] [COUNTER]: Counter process with PID 92365 has finished counting words! Total word count: 1095695
[01-24-2026 14:22:15] [DEBUG] [COUNTER-MANAGER]: Counter-Manager with PID 92364 received word count of 1095695 from counter process with PID 92365!
[01-24-2026 14:22:15] [DEBUG] [READER]: Reader with PID 92363 received final word count of 1095695 for file '../test/testfiles/t11_big.txt'!
[01-24-2026 14:22:15] [INFO] [MAIN]: The total word count from file '../test/testfiles/t11_big.txt' is: 1095695
[01-24-2026 14:22:15] [DEBUG] [COUNTER-MANAGER]: Counter-Manager with PID 92364 has a final total word count of 1095695!
